support7Demos/build/outputs/logs/manifest-merger-debug-report.txt
-- Merging decision tree log ---
manifest
ADDED from src\main\AndroidManifest.xml:22:1-409:12
	package
		ADDED from src\main\AndroidManifest.xml:23:5-44
		INJECTED from src\main\AndroidManifest.xml
		INJECTED from src\main\AndroidManifest.xml
	xmlns:android
		ADDED from src\main\AndroidManifest.xml:22:11-69
uses-permission#android.permission.INTERNET
ADDED from src\main\AndroidManifest.xml:26:5-67
	android:name
		ADDED from src\main\AndroidManifest.xml:26:22-64
uses-permission#android.permission.SYSTEM_ALERT_WINDOW
ADDED from src\main\AndroidManifest.xml:29:5-78
	android:name
		ADDED from src\main\AndroidManifest.xml:29:22-75
uses-permission#android.permission.READ_EXTERNAL_STORAGE
ADDED from src\main\AndroidManifest.xml:32:5-80
	android:name
		ADDED from src\main\AndroidManifest.xml:32:22-77
uses-sdk
ADDED from src\main\AndroidManifest.xml:34:5-73
MERGED from [com.android.support:appcompat-v7:23.0.1] AndroidManifest.xml:20:5-43
MERGED from [com.android.support:support-v4:23.0.1] AndroidManifest.xml:20:5-43
MERGED from [com.android.support:gridlayout-v7:23.0.1] AndroidManifest.xml:20:5-43
MERGED from [com.android.support:support-v4:23.0.1] AndroidManifest.xml:20:5-43
MERGED from [com.android.support:mediarouter-v7:23.0.1] AndroidManifest.xml:20:5-43
MERGED from [com.android.support:appcompat-v7:23.0.1] AndroidManifest.xml:20:5-43
MERGED from [com.android.support:support-v4:23.0.1] AndroidManifest.xml:20:5-43
MERGED from [com.android.support:cardview-v7:23.0.1] AndroidManifest.xml:20:5-43
MERGED from [com.android.support:palette-v7:23.0.1] AndroidManifest.xml:20:5-43
MERGED from [com.android.support:support-v4:23.0.1] AndroidManifest.xml:20:5-43
MERGED from [com.android.support:recyclerview-v7:23.0.1] AndroidManifest.xml:20:5-43
MERGED from [com.android.support:support-v4:23.0.1] AndroidManifest.xml:20:5-43
	android:targetSdkVersion
		ADDED from src\main\AndroidManifest.xml:34:41-70
		INJECTED from src\main\AndroidManifest.xml
		INJECTED from src\main\AndroidManifest.xml
	android:minSdkVersion
		ADDED from src\main\AndroidManifest.xml:34:15-40
		INJECTED from src\main\AndroidManifest.xml
		INJECTED from src\main\AndroidManifest.xml
supports-screens
ADDED from src\main\AndroidManifest.xml:40:5-41:52
	android:compatibleWidthLimitDp
		ADDED from src\main\AndroidManifest.xml:41:13-49
	android:requiresSmallestWidthDp
		ADDED from src\main\AndroidManifest.xml:40:23-60
application
ADDED from src\main\AndroidManifest.xml:43:5-406:19
MERGED from [com.android.support:appcompat-v7:23.0.1] AndroidManifest.xml:22:5-20
MERGED from [com.android.support:support-v4:23.0.1] AndroidManifest.xml:22:5-20
MERGED from [com.android.support:gridlayout-v7:23.0.1] AndroidManifest.xml:22:5-20
MERGED from [com.android.support:support-v4:23.0.1] AndroidManifest.xml:22:5-20
MERGED from [com.android.support:mediarouter-v7:23.0.1] AndroidManifest.xml:22:5-20
MERGED from [com.android.support:appcompat-v7:23.0.1] AndroidManifest.xml:22:5-20
MERGED from [com.android.support:support-v4:23.0.1] AndroidManifest.xml:22:5-20
MERGED from [com.android.support:cardview-v7:23.0.1] AndroidManifest.xml:22:5-20
MERGED from [com.android.support:palette-v7:23.0.1] AndroidManifest.xml:22:5-23:19
MERGED from [com.android.support:support-v4:23.0.1] AndroidManifest.xml:22:5-20
MERGED from [com.android.support:support-v4:23.0.1] AndroidManifest.xml:22:5-20
	android:label
		ADDED from src\main\AndroidManifest.xml:43:18-62
	android:supportsRtl
		ADDED from src\main\AndroidManifest.xml:44:13-39
	android:hardwareAccelerated
		ADDED from src\main\AndroidManifest.xml:46:13-47
	android:icon
		ADDED from src\main\AndroidManifest.xml:45:13-53
activity#com.example.android.supportv7.Support7Demos
ADDED from src\main\AndroidManifest.xml:48:9-54:20
	android:name
		ADDED from src\main\AndroidManifest.xml:48:19-47
intent-filter#android.intent.action.MAIN+android.intent.category.DEFAULT+android.intent.category.LAUNCHER
ADDED from src\main\AndroidManifest.xml:49:13-53:29
action#android.intent.action.MAIN
ADDED from src\main\AndroidManifest.xml:50:17-69
	android:name
		ADDED from src\main\AndroidManifest.xml:50:25-66
category#android.intent.category.DEFAULT
ADDED from src\main\AndroidManifest.xml:51:17-76
	android:name
		ADDED from src\main\AndroidManifest.xml:51:27-73
category#android.intent.category.LAUNCHER
ADDED from src\main\AndroidManifest.xml:52:17-77
	android:name
		ADDED from src\main\AndroidManifest.xml:52:27-74
receiver#com.example.android.supportv7.media.SampleMediaButtonReceiver
ADDED from src\main\AndroidManifest.xml:55:9-59:20
	android:name
		ADDED from src\main\AndroidManifest.xml:55:19-95
intent-filter#android.intent.action.MEDIA_BUTTON
ADDED from src\main\AndroidManifest.xml:56:13-58:29
action#android.intent.action.MEDIA_BUTTON
ADDED from src\main\AndroidManifest.xml:57:17-77
	android:name
		ADDED from src\main\AndroidManifest.xml:57:25-74
activity#com.example.android.supportv7.media.SampleMediaRouterActivity
ADDED from src\main\AndroidManifest.xml:62:9-69:20
	android:label
		ADDED from src\main\AndroidManifest.xml:63:17-74
	android:theme
		ADDED from src\main\AndroidManifest.xml:64:17-55
	android:name
		ADDED from src\main\AndroidManifest.xml:62:19-66
intent-filter#android.intent.action.MAIN+com.example.android.supportv7.SAMPLE_CODE
ADDED from src\main\AndroidManifest.xml:65:13-68:29
category#com.example.android.supportv7.SAMPLE_CODE
ADDED from src\main\AndroidManifest.xml:67:17-86
	android:name
		ADDED from src\main\AndroidManifest.xml:67:27-83
activity#com.example.android.supportv7.media.SampleMediaRouterActivity$Light
ADDED from src\main\AndroidManifest.xml:71:9-78:20
	android:label
		ADDED from src\main\AndroidManifest.xml:72:17-75
	android:theme
		ADDED from src\main\AndroidManifest.xml:73:17-61
	android:name
		ADDED from src\main\AndroidManifest.xml:71:19-72
activity#com.example.android.supportv7.media.SampleMediaRouterActivity$LightWithDarkActionBar
ADDED from src\main\AndroidManifest.xml:80:9-87:20
	android:label
		ADDED from src\main\AndroidManifest.xml:81:17-96
	android:theme
		ADDED from src\main\AndroidManifest.xml:82:17-75
	android:name
		ADDED from src\main\AndroidManifest.xml:80:19-89
activity#com.example.android.supportv7.media.SampleMediaRouteSettingsActivity
ADDED from src\main\AndroidManifest.xml:89:9-95:20
	android:label
		ADDED from src\main\AndroidManifest.xml:90:17-77
	android:theme
		ADDED from src\main\AndroidManifest.xml:91:17-61
	android:name
		ADDED from src\main\AndroidManifest.xml:89:19-73
intent-filter#android.intent.action.MAIN
ADDED from src\main\AndroidManifest.xml:92:13-94:29
service#com.example.android.supportv7.media.SampleMediaRouteProviderService
ADDED from src\main\AndroidManifest.xml:97:9-103:19
	android:process
		ADDED from src\main\AndroidManifest.xml:99:17-39
	android:label
		ADDED from src\main\AndroidManifest.xml:98:17-76
	android:name
		ADDED from src\main\AndroidManifest.xml:97:18-71
intent-filter#android.media.MediaRouteProviderService
ADDED from src\main\AndroidManifest.xml:100:13-102:29
action#android.media.MediaRouteProviderService
ADDED from src\main\AndroidManifest.xml:101:17-82
	android:name
		ADDED from src\main\AndroidManifest.xml:101:25-79
activity#com.example.android.supportv7.view.GridLayout1
ADDED from src\main\AndroidManifest.xml:107:9-113:20
	android:label
		ADDED from src\main\AndroidManifest.xml:108:17-54
	android:name
		ADDED from src\main\AndroidManifest.xml:107:19-51
activity#com.example.android.supportv7.view.GridLayout2
ADDED from src\main\AndroidManifest.xml:115:9-121:20
	android:label
		ADDED from src\main\AndroidManifest.xml:116:17-54
	android:name
		ADDED from src\main\AndroidManifest.xml:115:19-51
activity#com.example.android.supportv7.view.GridLayout3
ADDED from src\main\AndroidManifest.xml:123:9-129:20
	android:label
		ADDED from src\main\AndroidManifest.xml:124:17-54
	android:name
		ADDED from src\main\AndroidManifest.xml:123:19-51
activity#com.example.android.supportv7.app.ActionBarMechanics
ADDED from src\main\AndroidManifest.xml:132:9-139:20
	android:label
		ADDED from src\main\AndroidManifest.xml:133:17-61
	android:theme
		ADDED from src\main\AndroidManifest.xml:134:17-55
	android:name
		ADDED from src\main\AndroidManifest.xml:132:19-57
activity#com.example.android.supportv7.app.SearchActivity
ADDED from src\main\AndroidManifest.xml:141:9-149:20
	android:name
		ADDED from src\main\AndroidManifest.xml:141:19-53
intent-filter#android.intent.action.SEARCH
ADDED from src\main\AndroidManifest.xml:142:13-144:29
action#android.intent.action.SEARCH
ADDED from src\main\AndroidManifest.xml:143:17-71
	android:name
		ADDED from src\main\AndroidManifest.xml:143:25-68
meta-data#android.app.searchable
ADDED from src\main\AndroidManifest.xml:146:13-147:61
	android:resource
		ADDED from src\main\AndroidManifest.xml:147:24-58
	android:name
		ADDED from src\main\AndroidManifest.xml:146:24-61
activity#com.example.android.supportv7.app.ActionBarUsage
ADDED from src\main\AndroidManifest.xml:151:9-158:20
	android:label
		ADDED from src\main\AndroidManifest.xml:152:17-57
	android:theme
		ADDED from src\main\AndroidManifest.xml:153:17-55
	android:name
		ADDED from src\main\AndroidManifest.xml:151:19-53
activity#com.example.android.supportv7.app.ActionBarDisplayOptions
ADDED from src\main\AndroidManifest.xml:160:9-168:20
	android:label
		ADDED from src\main\AndroidManifest.xml:161:17-67
	android:theme
		ADDED from src\main\AndroidManifest.xml:163:17-55
	android:logo
		ADDED from src\main\AndroidManifest.xml:162:17-61
	android:name
		ADDED from src\main\AndroidManifest.xml:160:19-62
activity#com.example.android.supportv7.app.ActionBarTabs
ADDED from src\main\AndroidManifest.xml:170:9-177:20
	android:label
		ADDED from src\main\AndroidManifest.xml:171:17-56
	android:theme
		ADDED from src\main\AndroidManifest.xml:172:17-52
	android:name
		ADDED from src\main\AndroidManifest.xml:170:19-52
activity#com.example.android.supportv7.app.ActionBarSettingsActionProviderActivity
ADDED from src\main\AndroidManifest.xml:179:9-186:20
	android:label
		ADDED from src\main\AndroidManifest.xml:180:17-76
	android:theme
		ADDED from src\main\AndroidManifest.xml:181:17-75
	android:name
		ADDED from src\main\AndroidManifest.xml:179:19-78
activity#com.example.android.supportv7.app.ActionBarFragmentMenu
ADDED from src\main\AndroidManifest.xml:188:9-195:20
	android:label
		ADDED from src\main\AndroidManifest.xml:189:17-65
	android:theme
		ADDED from src\main\AndroidManifest.xml:190:17-55
	android:name
		ADDED from src\main\AndroidManifest.xml:188:19-60
activity#com.example.android.supportv7.app.ActionBarWithDrawerLayout
ADDED from src\main\AndroidManifest.xml:197:9-205:20
	android:label
		ADDED from src\main\AndroidManifest.xml:198:17-74
	android:theme
		ADDED from src\main\AndroidManifest.xml:199:17-55
	android:name
		ADDED from src\main\AndroidManifest.xml:197:19-64
activity#com.example.android.supportv7.app.ActionBarPreferences
ADDED from src\main\AndroidManifest.xml:207:9-214:20
	android:label
		ADDED from src\main\AndroidManifest.xml:208:19-65
	android:theme
		ADDED from src\main\AndroidManifest.xml:209:19-57
	android:name
		ADDED from src\main\AndroidManifest.xml:207:19-59
activity#com.example.android.supportv7.app.ActionBarActionMode
ADDED from src\main\AndroidManifest.xml:216:9-223:20
	android:label
		ADDED from src\main\AndroidManifest.xml:217:19-65
	android:theme
		ADDED from src\main\AndroidManifest.xml:218:19-54
	android:name
		ADDED from src\main\AndroidManifest.xml:216:19-58
activity#com.example.android.supportv7.app.ActionBarHideOnScroll
ADDED from src\main\AndroidManifest.xml:225:9-232:20
	android:label
		ADDED from src\main\AndroidManifest.xml:226:19-65
	android:theme
		ADDED from src\main\AndroidManifest.xml:227:19-77
	android:name
		ADDED from src\main\AndroidManifest.xml:225:19-60
activity#com.example.android.supportv7.app.AppCompatWidgetsButtons
ADDED from src\main\AndroidManifest.xml:234:9-241:20
	android:label
		ADDED from src\main\AndroidManifest.xml:235:19-68
	android:theme
		ADDED from src\main\AndroidManifest.xml:236:19-77
	android:name
		ADDED from src\main\AndroidManifest.xml:234:19-62
activity#com.example.android.supportv7.app.AppCompatWidgetsSpinners
ADDED from src\main\AndroidManifest.xml:243:9-250:20
	android:label
		ADDED from src\main\AndroidManifest.xml:244:19-69
	android:theme
		ADDED from src\main\AndroidManifest.xml:245:19-77
	android:name
		ADDED from src\main\AndroidManifest.xml:243:19-63
activity#com.example.android.supportv7.app.AppCompatWidgetsTextInput
ADDED from src\main\AndroidManifest.xml:252:9-259:20
	android:label
		ADDED from src\main\AndroidManifest.xml:253:19-71
	android:theme
		ADDED from src\main\AndroidManifest.xml:254:19-77
	android:name
		ADDED from src\main\AndroidManifest.xml:252:19-64
activity#com.example.android.supportv7.app.ToolbarUsage
ADDED from src\main\AndroidManifest.xml:261:9-272:20
	android:label
		ADDED from src\main\AndroidManifest.xml:262:19-56
	android:theme
		ADDED from src\main\AndroidManifest.xml:263:19-66
	android:name
		ADDED from src\main\AndroidManifest.xml:261:19-51
meta-data#android.app.default_searchable
ADDED from src\main\AndroidManifest.xml:269:13-271:59
	android:value
		ADDED from src\main\AndroidManifest.xml:271:21-56
	android:name
		ADDED from src\main\AndroidManifest.xml:270:21-66
activity#com.example.android.supportv7.app.ToolbarDisplayOptions
ADDED from src\main\AndroidManifest.xml:274:9-281:20
	android:label
		ADDED from src\main\AndroidManifest.xml:275:19-66
	android:theme
		ADDED from src\main\AndroidManifest.xml:276:19-75
	android:name
		ADDED from src\main\AndroidManifest.xml:274:19-60
activity#com.example.android.supportv7.app.ToolbarFragmentPagerMenu
ADDED from src\main\AndroidManifest.xml:283:9-290:20
	android:label
		ADDED from src\main\AndroidManifest.xml:284:19-65
	android:theme
		ADDED from src\main\AndroidManifest.xml:285:19-75
	android:name
		ADDED from src\main\AndroidManifest.xml:283:19-63
activity#com.example.android.supportv7.app.ToolbarActionMode
ADDED from src\main\AndroidManifest.xml:292:9-299:20
	android:label
		ADDED from src\main\AndroidManifest.xml:293:19-62
	android:theme
		ADDED from src\main\AndroidManifest.xml:294:19-75
	android:name
		ADDED from src\main\AndroidManifest.xml:292:19-56
activity#com.example.android.supportv7.app.DialogUsage
ADDED from src\main\AndroidManifest.xml:301:9-308:20
	android:label
		ADDED from src\main\AndroidManifest.xml:302:19-55
	android:theme
		ADDED from src\main\AndroidManifest.xml:303:19-63
	android:name
		ADDED from src\main\AndroidManifest.xml:301:19-50
activity#com.example.android.supportv7.app.AlertDialogUsage
ADDED from src\main\AndroidManifest.xml:310:9-317:20
	android:label
		ADDED from src\main\AndroidManifest.xml:311:19-61
	android:theme
		ADDED from src\main\AndroidManifest.xml:312:19-63
	android:name
		ADDED from src\main\AndroidManifest.xml:310:19-55
provider#com.example.android.supportv7.app.RecentSuggestionsProvider
ADDED from src\main\AndroidManifest.xml:319:9-320:99
	android:authorities
		ADDED from src\main\AndroidManifest.xml:320:19-96
	android:name
		ADDED from src\main\AndroidManifest.xml:319:19-64
activity#com.example.android.supportv7.widget.RecyclerViewActivity
ADDED from src\main\AndroidManifest.xml:323:9-330:20
	android:label
		ADDED from src\main\AndroidManifest.xml:324:19-56
	android:theme
		ADDED from src\main\AndroidManifest.xml:325:19-57
	android:name
		ADDED from src\main\AndroidManifest.xml:323:19-62
activity#com.example.android.supportv7.widget.AnimatedRecyclerView
ADDED from src\main\AndroidManifest.xml:332:9-339:20
	android:label
		ADDED from src\main\AndroidManifest.xml:333:19-65
	android:theme
		ADDED from src\main\AndroidManifest.xml:334:19-57
	android:name
		ADDED from src\main\AndroidManifest.xml:332:19-62
activity#com.example.android.supportv7.widget.LinearLayoutManagerActivity
ADDED from src\main\AndroidManifest.xml:341:9-348:20
	android:label
		ADDED from src\main\AndroidManifest.xml:342:19-64
	android:theme
		ADDED from src\main\AndroidManifest.xml:343:19-57
	android:name
		ADDED from src\main\AndroidManifest.xml:341:19-69
activity#com.example.android.supportv7.util.SortedListActivity
ADDED from src\main\AndroidManifest.xml:350:9-358:20
	android:label
		ADDED from src\main\AndroidManifest.xml:351:19-63
	android:windowSoftInputMode
		ADDED from src\main\AndroidManifest.xml:352:19-61
	android:theme
		ADDED from src\main\AndroidManifest.xml:353:19-57
	android:name
		ADDED from src\main\AndroidManifest.xml:350:19-58
activity#com.example.android.supportv7.widget.GridLayoutManagerActivity
ADDED from src\main\AndroidManifest.xml:360:9-367:20
	android:label
		ADDED from src\main\AndroidManifest.xml:361:19-62
	android:theme
		ADDED from src\main\AndroidManifest.xml:362:19-57
	android:name
		ADDED from src\main\AndroidManifest.xml:360:19-67
activity#com.example.android.supportv7.view.CardViewActivity
ADDED from src\main\AndroidManifest.xml:369:9-376:20
	android:label
		ADDED from src\main\AndroidManifest.xml:370:19-52
	android:theme
		ADDED from src\main\AndroidManifest.xml:371:19-57
	android:name
		ADDED from src\main\AndroidManifest.xml:369:19-56
activity#com.example.android.supportv7.graphics.PaletteActivity
ADDED from src\main\AndroidManifest.xml:378:9-385:20
	android:label
		ADDED from src\main\AndroidManifest.xml:379:19-50
	android:theme
		ADDED from src\main\AndroidManifest.xml:380:19-57
	android:name
		ADDED from src\main\AndroidManifest.xml:378:19-59
activity#com.example.android.supportv7.graphics.PaletteDetailActivity
ADDED from src\main\AndroidManifest.xml:387:9-389:60
	android:label
		ADDED from src\main\AndroidManifest.xml:388:19-50
	android:theme
		ADDED from src\main\AndroidManifest.xml:389:19-57
	android:name
		ADDED from src\main\AndroidManifest.xml:387:19-65
activity#com.example.android.supportv7.widget.touch.SwipeToDismissActivity
ADDED from src\main\AndroidManifest.xml:392:9-398:20
	android:label
		ADDED from src\main\AndroidManifest.xml:393:19-68
	android:name
		ADDED from src\main\AndroidManifest.xml:392:19-70
activity#com.example.android.supportv7.widget.touch.DragAndDropActivity
ADDED from src\main\AndroidManifest.xml:399:9-405:20
	android:label
		ADDED from src\main\AndroidManifest.xml:400:19-65
	android:name
		ADDED from src\main\AndroidManifest.xml:399:19-67